{"file":"F:/GoPath/src/testAPI/confInit/base.go:54","func":"testAPI/confInit.Init","level":"info","msg":"Aes 配置读取成功!","time":"2021-05-24 10:43:21"}
{"file":"F:/GoPath/src/testAPI/confInit/base.go:62","func":"testAPI/confInit.Init","level":"info","msg":"读取 Mysql 配置成功!","time":"2021-05-24 10:43:21"}
{"file":"F:/GoPath/src/testAPI/confInit/base.go:91","func":"testAPI/confInit.Init","level":"info","msg":"数据库连接成功!","time":"2021-05-24 10:43:21"}
{"file":"F:/GoPath/src/testAPI/confInit/base.go:54","func":"testAPI/confInit.Init","level":"info","msg":"Aes 配置读取成功!","time":"2021-05-24 14:09:22"}
{"file":"F:/GoPath/src/testAPI/confInit/base.go:62","func":"testAPI/confInit.Init","level":"info","msg":"读取 Mysql 配置成功!","time":"2021-05-24 14:09:22"}
{"file":"F:/GoPath/src/testAPI/confInit/base.go:91","func":"testAPI/confInit.Init","level":"info","msg":"数据库连接成功!","time":"2021-05-24 14:09:22"}
{"file":"F:/GoPath/src/testAPI/handle/products.go:133","func":"testAPI/handle.(*Gin).ModifyProd","level":"error","msg":"获取请求数据失败: json: cannot unmarshal string into Go struct field Product.id of type int","time":"2021-05-24 14:09:44"}
{"file":"F:/GoPath/src/testAPI/confInit/base.go:54","func":"testAPI/confInit.Init","level":"info","msg":"Aes 配置读取成功!","time":"2021-05-24 14:16:26"}
{"file":"F:/GoPath/src/testAPI/confInit/base.go:62","func":"testAPI/confInit.Init","level":"info","msg":"读取 Mysql 配置成功!","time":"2021-05-24 14:16:26"}
{"file":"F:/GoPath/src/testAPI/confInit/base.go:91","func":"testAPI/confInit.Init","level":"info","msg":"数据库连接成功!","time":"2021-05-24 14:16:26"}
{"file":"F:/GoPath/src/testAPI/confInit/base.go:54","func":"testAPI/confInit.Init","level":"info","msg":"Aes 配置读取成功!","time":"2021-05-24 14:21:45"}
{"file":"F:/GoPath/src/testAPI/confInit/base.go:62","func":"testAPI/confInit.Init","level":"info","msg":"读取 Mysql 配置成功!","time":"2021-05-24 14:21:45"}
{"file":"F:/GoPath/src/testAPI/confInit/base.go:91","func":"testAPI/confInit.Init","level":"info","msg":"数据库连接成功!","time":"2021-05-24 14:21:45"}
{"file":"F:/GoPath/src/testAPI/confInit/base.go:54","func":"testAPI/confInit.Init","level":"info","msg":"Aes 配置读取成功!","time":"2021-05-24 14:32:50"}
{"file":"F:/GoPath/src/testAPI/confInit/base.go:62","func":"testAPI/confInit.Init","level":"info","msg":"读取 Mysql 配置成功!","time":"2021-05-24 14:32:50"}
{"file":"F:/GoPath/src/testAPI/confInit/base.go:91","func":"testAPI/confInit.Init","level":"info","msg":"数据库连接成功!","time":"2021-05-24 14:32:50"}
{"file":"F:/GoPath/src/testAPI/handle/products.go:139","func":"testAPI/handle.(*Gin).AddNewProd","level":"error","msg":"获取请求数据失败: json: cannot unmarshal string into Go struct field Product.price of type float64","time":"2021-05-24 14:33:07"}
{"file":"F:/GoPath/src/testAPI/confInit/base.go:54","func":"testAPI/confInit.Init","level":"info","msg":"Aes 配置读取成功!","time":"2021-05-24 14:35:36"}
{"file":"F:/GoPath/src/testAPI/confInit/base.go:62","func":"testAPI/confInit.Init","level":"info","msg":"读取 Mysql 配置成功!","time":"2021-05-24 14:35:36"}
{"file":"F:/GoPath/src/testAPI/confInit/base.go:91","func":"testAPI/confInit.Init","level":"info","msg":"数据库连接成功!","time":"2021-05-24 14:35:36"}
{"file":"F:/GoPath/src/testAPI/confInit/base.go:54","func":"testAPI/confInit.Init","level":"info","msg":"Aes 配置读取成功!","time":"2021-05-24 14:44:02"}
{"file":"F:/GoPath/src/testAPI/confInit/base.go:62","func":"testAPI/confInit.Init","level":"info","msg":"读取 Mysql 配置成功!","time":"2021-05-24 14:44:02"}
{"file":"F:/GoPath/src/testAPI/confInit/base.go:91","func":"testAPI/confInit.Init","level":"info","msg":"数据库连接成功!","time":"2021-05-24 14:44:02"}
{"file":"F:/GoPath/src/testAPI/confInit/base.go:54","func":"testAPI/confInit.Init","level":"info","msg":"Aes 配置读取成功!","time":"2021-05-24 14:53:32"}
{"file":"F:/GoPath/src/testAPI/confInit/base.go:62","func":"testAPI/confInit.Init","level":"info","msg":"读取 Mysql 配置成功!","time":"2021-05-24 14:53:32"}
{"file":"F:/GoPath/src/testAPI/confInit/base.go:91","func":"testAPI/confInit.Init","level":"info","msg":"数据库连接成功!","time":"2021-05-24 14:53:32"}
{"file":"F:/GoPath/src/testAPI/handle/products.go:152","func":"testAPI/handle.(*Gin).AddNewProd","level":"error","msg":"查询数据失败: sql: no rows in result set","time":"2021-05-24 14:54:02"}
{"file":"F:/GoPath/src/testAPI/confInit/base.go:54","func":"testAPI/confInit.Init","level":"info","msg":"Aes 配置读取成功!","time":"2021-05-24 14:58:19"}
{"file":"F:/GoPath/src/testAPI/confInit/base.go:62","func":"testAPI/confInit.Init","level":"info","msg":"读取 Mysql 配置成功!","time":"2021-05-24 14:58:19"}
{"file":"F:/GoPath/src/testAPI/confInit/base.go:91","func":"testAPI/confInit.Init","level":"info","msg":"数据库连接成功!","time":"2021-05-24 14:58:19"}
{"file":"F:/GoPath/src/testAPI/handle/products.go:152","func":"testAPI/handle.(*Gin).AddNewProd","level":"error","msg":"查询数据失败: sql: no rows in result set","time":"2021-05-24 14:58:23"}
{"file":"F:/GoPath/src/testAPI/confInit/base.go:54","func":"testAPI/confInit.Init","level":"info","msg":"Aes 配置读取成功!","time":"2021-05-24 15:00:04"}
{"file":"F:/GoPath/src/testAPI/confInit/base.go:62","func":"testAPI/confInit.Init","level":"info","msg":"读取 Mysql 配置成功!","time":"2021-05-24 15:00:04"}
{"file":"F:/GoPath/src/testAPI/confInit/base.go:91","func":"testAPI/confInit.Init","level":"info","msg":"数据库连接成功!","time":"2021-05-24 15:00:04"}
{"file":"F:/GoPath/src/testAPI/handle/products.go:153","func":"testAPI/handle.(*Gin).AddNewProd","level":"error","msg":"查询数据失败: sql: no rows in result set","time":"2021-05-24 15:00:11"}
{"file":"F:/GoPath/src/testAPI/confInit/base.go:54","func":"testAPI/confInit.Init","level":"info","msg":"Aes 配置读取成功!","time":"2021-05-24 15:00:59"}
{"file":"F:/GoPath/src/testAPI/confInit/base.go:62","func":"testAPI/confInit.Init","level":"info","msg":"读取 Mysql 配置成功!","time":"2021-05-24 15:00:59"}
{"file":"F:/GoPath/src/testAPI/confInit/base.go:91","func":"testAPI/confInit.Init","level":"info","msg":"数据库连接成功!","time":"2021-05-24 15:00:59"}
{"file":"F:/GoPath/src/testAPI/confInit/base.go:54","func":"testAPI/confInit.Init","level":"info","msg":"Aes 配置读取成功!","time":"2021-05-24 15:01:35"}
{"file":"F:/GoPath/src/testAPI/confInit/base.go:62","func":"testAPI/confInit.Init","level":"info","msg":"读取 Mysql 配置成功!","time":"2021-05-24 15:01:35"}
{"file":"F:/GoPath/src/testAPI/confInit/base.go:91","func":"testAPI/confInit.Init","level":"info","msg":"数据库连接成功!","time":"2021-05-24 15:01:35"}
{"file":"F:/GoPath/src/testAPI/confInit/base.go:54","func":"testAPI/confInit.Init","level":"info","msg":"Aes 配置读取成功!","time":"2021-05-24 15:19:36"}
{"file":"F:/GoPath/src/testAPI/confInit/base.go:62","func":"testAPI/confInit.Init","level":"info","msg":"读取 Mysql 配置成功!","time":"2021-05-24 15:19:36"}
{"file":"F:/GoPath/src/testAPI/confInit/base.go:91","func":"testAPI/confInit.Init","level":"info","msg":"数据库连接成功!","time":"2021-05-24 15:19:36"}
{"file":"F:/GoPath/src/testAPI/handle/products.go:184","func":"testAPI/handle.(*Gin).DeleteProd","level":"error","msg":"ID转换失败: strconv.Atoi: parsing \"\": invalid syntax","time":"2021-05-24 15:20:42"}
{"file":"F:/GoPath/src/testAPI/confInit/base.go:54","func":"testAPI/confInit.Init","level":"info","msg":"Aes 配置读取成功!","time":"2021-05-24 15:26:11"}
{"file":"F:/GoPath/src/testAPI/confInit/base.go:62","func":"testAPI/confInit.Init","level":"info","msg":"读取 Mysql 配置成功!","time":"2021-05-24 15:26:11"}
{"file":"F:/GoPath/src/testAPI/confInit/base.go:91","func":"testAPI/confInit.Init","level":"info","msg":"数据库连接成功!","time":"2021-05-24 15:26:11"}
{"file":"F:/GoPath/src/testAPI/confInit/base.go:54","func":"testAPI/confInit.Init","level":"info","msg":"Aes 配置读取成功!","time":"2021-05-24 16:42:39"}
{"file":"F:/GoPath/src/testAPI/confInit/base.go:62","func":"testAPI/confInit.Init","level":"info","msg":"读取 Mysql 配置成功!","time":"2021-05-24 16:42:39"}
{"file":"F:/GoPath/src/testAPI/confInit/base.go:91","func":"testAPI/confInit.Init","level":"info","msg":"数据库连接成功!","time":"2021-05-24 16:42:39"}
{"file":"F:/GoPath/src/testAPI/confInit/base.go:54","func":"testAPI/confInit.Init","level":"info","msg":"Aes 配置读取成功!","time":"2021-05-24 16:43:10"}
{"file":"F:/GoPath/src/testAPI/confInit/base.go:62","func":"testAPI/confInit.Init","level":"info","msg":"读取 Mysql 配置成功!","time":"2021-05-24 16:43:10"}
{"file":"F:/GoPath/src/testAPI/confInit/base.go:91","func":"testAPI/confInit.Init","level":"info","msg":"数据库连接成功!","time":"2021-05-24 16:43:10"}
{"file":"F:/GoPath/src/testAPI/confInit/base.go:54","func":"testAPI/confInit.Init","level":"info","msg":"Aes 配置读取成功!","time":"2021-05-24 16:49:36"}
{"file":"F:/GoPath/src/testAPI/confInit/base.go:62","func":"testAPI/confInit.Init","level":"info","msg":"读取 Mysql 配置成功!","time":"2021-05-24 16:49:36"}
{"file":"F:/GoPath/src/testAPI/confInit/base.go:91","func":"testAPI/confInit.Init","level":"info","msg":"数据库连接成功!","time":"2021-05-24 16:49:36"}
{"file":"F:/GoPath/src/testAPI/confInit/base.go:54","func":"testAPI/confInit.Init","level":"info","msg":"Aes 配置读取成功!","time":"2021-05-24 16:51:59"}
{"file":"F:/GoPath/src/testAPI/confInit/base.go:62","func":"testAPI/confInit.Init","level":"info","msg":"读取 Mysql 配置成功!","time":"2021-05-24 16:51:59"}
{"file":"F:/GoPath/src/testAPI/confInit/base.go:91","func":"testAPI/confInit.Init","level":"info","msg":"数据库连接成功!","time":"2021-05-24 16:51:59"}
{"file":"F:/GoPath/src/testAPI/confInit/base.go:54","func":"testAPI/confInit.Init","level":"info","msg":"Aes 配置读取成功!","time":"2021-05-24 16:58:18"}
{"file":"F:/GoPath/src/testAPI/confInit/base.go:62","func":"testAPI/confInit.Init","level":"info","msg":"读取 Mysql 配置成功!","time":"2021-05-24 16:58:18"}
{"file":"F:/GoPath/src/testAPI/confInit/base.go:91","func":"testAPI/confInit.Init","level":"info","msg":"数据库连接成功!","time":"2021-05-24 16:58:18"}
{"file":"F:/GoPath/src/testAPI/handle/products.go:36","func":"testAPI/handle.(*Gin).GetList","level":"error","msg":"获取每页条数失败: strconv.Atoi: parsing \"\": invalid syntax","time":"2021-05-24 17:16:17"}
